<?xml version="1.0" encoding="UTF-8"?>
<testng-results ignored="2" total="5" passed="2" failed="1" skipped="0">
  <reporter-output>
  </reporter-output>
  <suite started-at="2023-02-01T08:00:54 IST" name="Suite" finished-at="2023-02-01T08:01:33 IST" duration-ms="38920">
    <groups>
    </groups>
    <test started-at="2023-02-01T08:00:54 IST" name="Test" finished-at="2023-02-01T08:01:33 IST" duration-ms="38920">
      <class name="testcases.LogoutFB">
        <test-method is-config="true" signature="initPage()[pri:0, instance:testcases.LogoutFB@639c2c1d]" started-at="2023-02-01T08:00:59 IST" name="initPage" finished-at="2023-02-01T08:00:59 IST" duration-ms="3" status="PASS">
          <reporter-output>
          </reporter-output>
        </test-method> <!-- initPage -->
        <test-method signature="verifyTitle()[pri:3, instance:testcases.LogoutFB@639c2c1d]" started-at="2023-02-01T08:00:59 IST" name="verifyTitle" finished-at="2023-02-01T08:01:06 IST" duration-ms="6989" status="PASS">
          <reporter-output>
          </reporter-output>
        </test-method> <!-- verifyTitle -->
        <test-method signature="logout()[pri:4, instance:testcases.LogoutFB@639c2c1d]" started-at="2023-02-01T08:01:06 IST" name="logout" finished-at="2023-02-01T08:01:17 IST" duration-ms="10237" status="FAIL">
          <exception class="java.lang.AssertionError">
            <message>
              <![CDATA[expected [true] but found [false]]]>
            </message>
            <full-stacktrace>
              <![CDATA[java.lang.AssertionError: expected [true] but found [false]
at org.testng.Assert.fail(Assert.java:110)
at org.testng.Assert.failNotEquals(Assert.java:1577)
at org.testng.Assert.assertTrue(Assert.java:56)
at org.testng.Assert.assertTrue(Assert.java:66)
at testcases.LogoutFB.logout(LogoutFB.java:43)
at java.base/jdk.internal.reflect.NativeMethodAccessorImpl.invoke0(Native Method)
at java.base/jdk.internal.reflect.NativeMethodAccessorImpl.invoke(NativeMethodAccessorImpl.java:78)
at java.base/jdk.internal.reflect.DelegatingMethodAccessorImpl.invoke(DelegatingMethodAccessorImpl.java:43)
at java.base/java.lang.reflect.Method.invoke(Method.java:567)
at org.testng.internal.invokers.MethodInvocationHelper.invokeMethod(MethodInvocationHelper.java:139)
at org.testng.internal.invokers.TestInvoker.invokeMethod(TestInvoker.java:677)
at org.testng.internal.invokers.TestInvoker.invokeTestMethod(TestInvoker.java:221)
at org.testng.internal.invokers.MethodRunner.runInSequence(MethodRunner.java:50)
at org.testng.internal.invokers.TestInvoker$MethodInvocationAgent.invoke(TestInvoker.java:969)
at org.testng.internal.invokers.TestInvoker.invokeTestMethods(TestInvoker.java:194)
at org.testng.internal.invokers.TestMethodWorker.invokeTestMethods(TestMethodWorker.java:148)
at org.testng.internal.invokers.TestMethodWorker.run(TestMethodWorker.java:128)
at java.base/java.util.ArrayList.forEach(ArrayList.java:1511)
at org.testng.TestRunner.privateRun(TestRunner.java:829)
at org.testng.TestRunner.run(TestRunner.java:602)
at org.testng.SuiteRunner.runTest(SuiteRunner.java:437)
at org.testng.SuiteRunner.runSequentially(SuiteRunner.java:431)
at org.testng.SuiteRunner.privateRun(SuiteRunner.java:391)
at org.testng.SuiteRunner.run(SuiteRunner.java:330)
at org.testng.SuiteRunnerWorker.runSuite(SuiteRunnerWorker.java:52)
at org.testng.SuiteRunnerWorker.run(SuiteRunnerWorker.java:95)
at org.testng.TestNG.runSuitesSequentially(TestNG.java:1256)
at org.testng.TestNG.runSuitesLocally(TestNG.java:1176)
at org.testng.TestNG.runSuites(TestNG.java:1099)
at org.testng.TestNG.run(TestNG.java:1067)
at org.testng.remote.AbstractRemoteTestNG.run(AbstractRemoteTestNG.java:115)
at org.testng.remote.RemoteTestNG.initAndRun(RemoteTestNG.java:251)
at org.testng.remote.RemoteTestNG.main(RemoteTestNG.java:77)
]]>
            </full-stacktrace>
          </exception> <!-- java.lang.AssertionError -->
          <reporter-output>
          </reporter-output>
        </test-method> <!-- logout -->
      </class> <!-- testcases.LogoutFB -->
      <class name="testcases.LoginFB">
        <test-method is-config="true" signature="loadConfig()[pri:0, instance:testcases.LoginFB@65fb9ffc]" started-at="2023-02-01T08:00:54 IST" name="loadConfig" finished-at="2023-02-01T08:00:54 IST" duration-ms="319" status="PASS">
          <reporter-output>
          </reporter-output>
        </test-method> <!-- loadConfig -->
        <test-method is-config="true" signature="openBrowser()[pri:0, instance:testcases.LoginFB@65fb9ffc]" started-at="2023-02-01T08:00:54 IST" name="openBrowser" finished-at="2023-02-01T08:00:59 IST" duration-ms="4590" status="PASS">
          <reporter-output>
          </reporter-output>
        </test-method> <!-- openBrowser -->
        <test-method is-config="true" signature="initPage()[pri:0, instance:testcases.LoginFB@65fb9ffc]" started-at="2023-02-01T08:00:59 IST" name="initPage" finished-at="2023-02-01T08:00:59 IST" duration-ms="44" status="PASS">
          <reporter-output>
          </reporter-output>
        </test-method> <!-- initPage -->
        <test-method signature="openFBLoginPage()[pri:1, instance:testcases.LoginFB@65fb9ffc]" started-at="2023-02-01T08:00:59 IST" name="openFBLoginPage" finished-at="2023-02-01T08:00:59 IST" duration-ms="470" status="PASS">
          <reporter-output>
          </reporter-output>
        </test-method> <!-- openFBLoginPage -->
        <test-method is-config="true" signature="afterTest()[pri:0, instance:testcases.LoginFB@65fb9ffc]" started-at="2023-02-01T08:01:17 IST" name="afterTest" finished-at="2023-02-01T08:01:33 IST" duration-ms="16282" status="PASS">
          <reporter-output>
          </reporter-output>
        </test-method> <!-- afterTest -->
        <test-method is-config="true" signature="postSuite()[pri:0, instance:testcases.LoginFB@65fb9ffc]" started-at="2023-02-01T08:01:33 IST" name="postSuite" finished-at="2023-02-01T08:01:34 IST" duration-ms="356" status="PASS">
          <reporter-output>
          </reporter-output>
        </test-method> <!-- postSuite -->
      </class> <!-- testcases.LoginFB -->
    </test> <!-- Test -->
  </suite> <!-- Suite -->
</testng-results>
